<?xml version="1.0" encoding="UTF-8"?>
<testng-results skipped="0" failed="0" ignored="0" total="1" passed="1">
  <reporter-output>
  </reporter-output>
  <suite name="Default suite" duration-ms="16082" started-at="2019-01-28T11:57:16Z" finished-at="2019-01-28T11:57:32Z">
    <groups>
    </groups>
    <test name="Default test" duration-ms="16082" started-at="2019-01-28T11:57:16Z" finished-at="2019-01-28T11:57:32Z">
      <class name="com.cyrano.testcases.Role_permisn">
        <test-method status="PASS" signature="starts()[pri:0, instance:com.cyrano.testcases.Role_permisn@29774679]" name="starts" is-config="true" duration-ms="11426" started-at="2019-01-28T11:57:16Z" finished-at="2019-01-28T11:57:27Z">
          <reporter-output>
          </reporter-output>
        </test-method> <!-- starts -->
        <test-method status="PASS" signature="role_permisn()[pri:0, instance:com.cyrano.testcases.Role_permisn@29774679]" name="role_permisn" duration-ms="3374" started-at="2019-01-28T11:57:27Z" finished-at="2019-01-28T11:57:31Z">
          <reporter-output>
          </reporter-output>
        </test-method> <!-- role_permisn -->
        <test-method status="PASS" signature="ends()[pri:0, instance:com.cyrano.testcases.Role_permisn@29774679]" name="ends" is-config="true" duration-ms="1261" started-at="2019-01-28T11:57:31Z" finished-at="2019-01-28T11:57:32Z">
          <reporter-output>
          </reporter-output>
        </test-method> <!-- ends -->
      </class> <!-- com.cyrano.testcases.Role_permisn -->
    </test> <!-- Default test -->
  </suite> <!-- Default suite -->
</testng-results>
